Build started 01/06/2016 11:50:12 AM.
     1>Project "c:\Users\Meysam\documents\visual studio 2015\Projects\Arithmetic term\Arithmetic term\Arithmetic term.vcxproj" on node 2 (Build target(s)).
     1>ClCompile:
         C:\Program Files (x86)\Microsoft Visual Studio 14.0\VC\bin\CL.exe /c /Zi /nologo /W3 /WX- /sdl /O2 /Oi /Oy- /GL /D _MBCS /Gm- /EHsc /MD /GS /Gy /fp:precise /Zc:wchar_t /Zc:forScope /Zc:inline /Fo"Release\\" /Fd"Release\vc140.pdb" /Gd /TP /analyze- /errorReport:prompt Main.cpp
         Main.cpp
     1>Main.cpp(91): warning C4018: '<': signed/unsigned mismatch
     1>Main.cpp(154): warning C4018: '<': signed/unsigned mismatch
     1>Main.cpp(224): warning C4018: '<': signed/unsigned mismatch
     1>Main.cpp(254): warning C4018: '<': signed/unsigned mismatch
       Link:
         C:\Program Files (x86)\Microsoft Visual Studio 14.0\VC\bin\link.exe /ERRORREPORT:PROMPT /OUT:"c:\users\meysam\documents\visual studio 2015\Projects\Arithmetic term\Release\Arithmetic term.exe" /NOLOGO kernel32.lib user32.lib gdi32.lib winspool.lib comdlg32.lib advapi32.lib shell32.lib ole32.lib oleaut32.lib uuid.lib odbc32.lib odbccp32.lib /MANIFEST /MANIFESTUAC:"level='asInvoker' uiAccess='false'" /manifest:embed /Debug /PDB:"c:\users\meysam\documents\visual studio 2015\Projects\Arithmetic term\Release\Arithmetic term.pdb" /OPT:REF /OPT:ICF /LTCG:incremental /TLBID:1 /DYNAMICBASE /NXCOMPAT /IMPLIB:"c:\users\meysam\documents\visual studio 2015\Projects\Arithmetic term\Release\Arithmetic term.lib" /MACHINE:X86 /SAFESEH Release\Main.obj
         Generating code
         1 of 158 functions ( 0.6%) were compiled, the rest were copied from previous compilation.
           0 functions were new in current compilation
           1 functions had inline decision re-evaluated but remain unchanged
         Finished generating code
         Arithmetic term.vcxproj -> c:\users\meysam\documents\visual studio 2015\Projects\Arithmetic term\Release\Arithmetic term.exe
     1>Done Building Project "c:\Users\Meysam\documents\visual studio 2015\Projects\Arithmetic term\Arithmetic term\Arithmetic term.vcxproj" (Build target(s)).

Build succeeded.

Time Elapsed 00:00:02.03
